2018-11-22 00:02:12,799  INFO: Start connecting: host=10.0.0.2; port=22221;
2018-11-22 00:02:12,806  INFO: Connected : conn_id=1; 
2018-11-22 00:02:12,812  INFO: InitConnect ok: conn_id=1; info={'server_version': 105, 'login_user_id': 7646405, 'conn_id': 12860068241144005520, 'conn_key': '96C3AB04EE2478C9', 'keep_alive_interval': 10};
2018-11-22 00:02:12,822  INFO: FUTU	行情接口连接成功
2018-11-22 00:02:12,820  INFO: Start connecting: host=10.0.0.2; port=22221;
2018-11-22 00:02:12,828  INFO: Connected : conn_id=2; 
2018-11-22 00:02:12,835  INFO: InitConnect ok: conn_id=2; info={'server_version': 105, 'login_user_id': 7646405, 'conn_id': 6014599006564475175, 'conn_key': '2461B104EE267867', 'keep_alive_interval': 10};
2018-11-22 00:02:12,851  INFO: Start connecting: host=10.0.0.2; port=22221;
2018-11-22 00:02:12,857  INFO: Connected : conn_id=3; 
2018-11-22 00:02:12,865  INFO: InitConnect ok: conn_id=3; info={'server_version': 105, 'login_user_id': 7646405, 'conn_id': 13796821361684411842, 'conn_key': 'C075B804EE2878D6', 'keep_alive_interval': 10};
2018-11-22 00:02:12,891  INFO: FUTU	交易接口解锁成功
2018-11-22 00:02:12,891  INFO: FUTU	交易接口连接成功
2018-11-22 00:02:14,984  INFO: FUTU	成交查询成功
2018-11-22 00:02:15,055  INFO: FUTU	委托查询成功
2018-11-22 00:05:55,123  INFO: STOPORDER_MAIN_WINDOW	成功添加策略[卖US.AAPL181130P205000+US.AAPL]
2018-11-22 00:06:04,203  INFO: STOPORDER_MAIN_WINDOW	成功添加策略[卖US.AAPL181130P210000+US.AAPL]
2018-11-22 00:06:13,259  INFO: STOPORDER_MAIN_WINDOW	成功添加策略[卖US.AAPL181130P215000+US.AAPL]
2018-11-22 00:06:17,560  INFO: STOP_ORDER_ENGINE	取消策略[卖US.AAPL181130P210000+US.AAPL]
2018-11-22 00:06:28,888  INFO: STOPORDER_MAIN_WINDOW	成功添加策略[卖US.AAPL181130P225000+US.AAPL]
2018-11-22 00:06:49,686  INFO: STOP_ORDER_ENGINE	取消策略[卖US.AAPL181130P215000+US.AAPL]
2018-11-22 00:07:26,865  INFO: STOPORDER_MAIN_WINDOW	成功添加策略[卖US.AAPL181130P230000+US.AAPL]
2018-11-22 00:07:31,942  INFO: FUTU	摆盘查询成功US.AAPL181130P230000
2018-11-22 00:07:31,942  INFO: STOP_ORDER_ENGINE	请求US.AAPL181130P230000摆盘信息
2018-11-22 00:07:31,944  INFO: FUTU	委托失败：不是可交易的证券类型
2018-11-22 00:07:31,944  INFO: STOP_ORDER_ENGINE	策略卖US.AAPL181130P230000+US.AAPL发送委托失败，US.AAPL181130P230000，空，40@51.2
2018-11-22 00:08:04,924  INFO: STOPORDER_MAIN_WINDOW	成功添加策略[买US.AAPL+US.AAPL]
2018-11-22 00:08:12,204  INFO: FUTU	摆盘查询成功US.AAPL
2018-11-22 00:08:12,206  INFO: STOP_ORDER_ENGINE	请求US.AAPL摆盘信息
2018-11-22 00:08:12,208  INFO: STOP_ORDER_ENGINE	策略买US.AAPL+US.AAPL发送委托成功，US.AAPL，多，10@178.58
