2018-11-26 22:13:26,782  INFO: Start connecting: host=10.0.0.2; port=22221;
2018-11-26 22:13:26,795  INFO: Connected : conn_id=1; 
2018-11-26 22:13:26,806  INFO: InitConnect ok: conn_id=1; info={'server_version': 105, 'login_user_id': 7646405, 'conn_id': 3276641540157062692, 'conn_key': '20BE59D11EF9788E', 'keep_alive_interval': 10};
2018-11-26 22:13:26,808  INFO: Start connecting: host=10.0.0.2; port=22221;
2018-11-26 22:13:26,809  INFO: FUTU	行情接口连接成功
2018-11-26 22:13:26,816  INFO: Connected : conn_id=2; 
2018-11-26 22:13:26,822  INFO: InitConnect ok: conn_id=2; info={'server_version': 105, 'login_user_id': 7646405, 'conn_id': 9473596826442488753, 'conn_key': 'B75B5FD11EFB7857', 'keep_alive_interval': 10};
2018-11-26 22:13:26,836  INFO: Start connecting: host=10.0.0.2; port=22221;
2018-11-26 22:13:26,844  INFO: Connected : conn_id=3; 
2018-11-26 22:13:26,849  INFO: InitConnect ok: conn_id=3; info={'server_version': 105, 'login_user_id': 7646405, 'conn_id': 7023640828176626519, 'conn_key': '53F365D11EFD7869', 'keep_alive_interval': 10};
2018-11-26 22:13:26,875  INFO: FUTU	交易接口解锁成功
2018-11-26 22:13:26,875  INFO: FUTU	交易接口连接成功
2018-11-26 22:13:28,991  INFO: FUTU	成交查询成功
2018-11-26 22:13:29,062  INFO: FUTU	委托查询成功
2018-11-26 23:20:12,875  INFO: Start connecting: host=10.0.0.2; port=22221;
2018-11-26 23:20:12,912  INFO: Connected : conn_id=1; 
2018-11-26 23:20:12,921  INFO: InitConnect ok: conn_id=1; info={'server_version': 105, 'login_user_id': 7646405, 'conn_id': 7023643091295548137, 'conn_key': 'E832CCBD2DFF78D1', 'keep_alive_interval': 10};
2018-11-26 23:20:12,929  INFO: FUTU	行情接口连接成功
2018-11-26 23:20:12,928  INFO: Start connecting: host=10.0.0.2; port=22221;
2018-11-26 23:20:12,937  INFO: Connected : conn_id=2; 
2018-11-26 23:20:12,944  INFO: InitConnect ok: conn_id=2; info={'server_version': 105, 'login_user_id': 7646405, 'conn_id': 11347100932594895864, 'conn_key': 'F68BD2BD2D017916', 'keep_alive_interval': 10};
2018-11-26 23:20:12,964  INFO: Start connecting: host=10.0.0.2; port=22221;
2018-11-26 23:20:12,970  INFO: Connected : conn_id=3; 
2018-11-26 23:20:12,976  INFO: InitConnect ok: conn_id=3; info={'server_version': 105, 'login_user_id': 7646405, 'conn_id': 8248626587987762192, 'conn_key': '185CDABD2D03791D', 'keep_alive_interval': 10};
2018-11-26 23:20:12,983  INFO: Start connecting: host=10.0.0.2; port=22221;
2018-11-26 23:20:12,988  INFO: Connected : conn_id=4; 
2018-11-26 23:20:12,995  INFO: InitConnect ok: conn_id=4; info={'server_version': 105, 'login_user_id': 7646405, 'conn_id': 9545665479694024609, 'conn_key': 'A5FFDEBD2D05794A', 'keep_alive_interval': 10};
2018-11-26 23:20:13,129  INFO: FUTU	交易接口解锁成功
2018-11-26 23:20:13,131  INFO: FUTU	交易接口连接成功
2018-11-26 23:20:15,313  INFO: FUTU	成交查询成功
2018-11-26 23:26:15,263  INFO: Start connecting: host=10.0.0.2; port=22221;
2018-11-26 23:26:15,272  INFO: Connected : conn_id=1; 
2018-11-26 23:26:15,279  INFO: InitConnect ok: conn_id=1; info={'server_version': 105, 'login_user_id': 7646405, 'conn_id': 178180459583028025, 'conn_key': '37BB5C172F0779E8', 'keep_alive_interval': 10};
2018-11-26 23:26:15,287  INFO: FUTU	行情接口连接成功
2018-11-26 23:26:15,286  INFO: Start connecting: host=10.0.0.2; port=22221;
2018-11-26 23:26:15,295  INFO: Connected : conn_id=2; 
2018-11-26 23:26:15,299  INFO: InitConnect ok: conn_id=2; info={'server_version': 105, 'login_user_id': 7646405, 'conn_id': 3204601608199624899, 'conn_key': 'C15862172F0979CB', 'keep_alive_interval': 10};
2018-11-26 23:26:15,318  INFO: Start connecting: host=10.0.0.2; port=22221;
2018-11-26 23:26:15,325  INFO: Connected : conn_id=3; 
2018-11-26 23:26:15,329  INFO: InitConnect ok: conn_id=3; info={'server_version': 105, 'login_user_id': 7646405, 'conn_id': 1331106362237234144, 'conn_key': 'E6AB69172F0B7933', 'keep_alive_interval': 10};
2018-11-26 23:26:15,338  INFO: Start connecting: host=10.0.0.2; port=22221;
2018-11-26 23:26:15,345  INFO: Connected : conn_id=4; 
2018-11-26 23:26:15,351  INFO: InitConnect ok: conn_id=4; info={'server_version': 105, 'login_user_id': 7646405, 'conn_id': 11419171726570720752, 'conn_key': 'F18D6E172F0D79F4', 'keep_alive_interval': 10};
2018-11-26 23:26:15,375  INFO: FUTU	交易接口解锁成功
2018-11-26 23:26:15,375  INFO: FUTU	交易接口连接成功
2018-11-26 23:26:17,548  INFO: FUTU	成交查询成功
2018-11-26 23:28:34,244  INFO: STOPORDER_MAIN_WINDOW	成功添加策略[卖SH.603288+SH.000597]
2018-11-26 23:28:53,360  INFO: STOP_ORDER_ENGINE	取消策略[卖SH.603288+SH.000597]
2018-11-26 23:29:05,575  INFO: STOPORDER_MAIN_WINDOW	成功添加策略[卖SH.603288+SZ.000597]
2018-11-26 23:30:19,400  INFO: STOP_ORDER_ENGINE	取消策略[卖SH.603288+SZ.000597]
2018-11-26 23:34:18,688  INFO: STOPORDER_MAIN_WINDOW	成功添加策略[买SH.603288+US.AAPL]
2018-11-26 23:34:21,423  INFO: FUTU	摆盘查询成功SH.603288
2018-11-26 23:34:21,423  INFO: STOP_ORDER_ENGINE	请求SH.603288摆盘信息
2018-11-26 23:34:21,424  INFO: FUTU	委托失败：ERROR. the type of environment param is wrong 
2018-11-26 23:34:21,424  INFO: STOP_ORDER_ENGINE	策略买SH.603288+US.AAPL发送委托失败，SH.603288，多，100@62.07
2018-11-26 23:49:26,552  INFO: Start connecting: host=10.0.0.2; port=22221;
2018-11-26 23:49:26,559  INFO: Connected : conn_id=1; 
2018-11-26 23:49:26,569  INFO: InitConnect ok: conn_id=1; info={'server_version': 105, 'login_user_id': 7646405, 'conn_id': 15310284025901038009, 'conn_key': 'B4392B46340F79D4', 'keep_alive_interval': 10};
2018-11-26 23:49:26,575  INFO: Start connecting: host=10.0.0.2; port=22221;
2018-11-26 23:49:26,577  INFO: FUTU	行情接口连接成功
2018-11-26 23:49:26,587  INFO: Connected : conn_id=2; 
2018-11-26 23:49:26,592  INFO: InitConnect ok: conn_id=2; info={'server_version': 105, 'login_user_id': 7646405, 'conn_id': 6447202158259589444, 'conn_key': '49D1314634117935', 'keep_alive_interval': 10};
2018-11-26 23:49:26,608  INFO: Start connecting: host=10.0.0.2; port=22221;
2018-11-26 23:49:26,625  INFO: Connected : conn_id=3; 
2018-11-26 23:49:26,630  INFO: InitConnect ok: conn_id=3; info={'server_version': 105, 'login_user_id': 7646405, 'conn_id': 3636958189804119528, 'conn_key': 'E8E53846341379F4', 'keep_alive_interval': 10};
2018-11-26 23:49:26,644  INFO: Start connecting: host=10.0.0.2; port=22221;
2018-11-26 23:49:26,651  INFO: Connected : conn_id=4; 
2018-11-26 23:49:26,656  INFO: InitConnect ok: conn_id=4; info={'server_version': 105, 'login_user_id': 7646405, 'conn_id': 14950002652782621063, 'conn_key': '8371414634157990', 'keep_alive_interval': 10};
2018-11-26 23:49:26,681  INFO: FUTU	交易接口解锁成功
2018-11-26 23:49:26,684  INFO: FUTU	交易接口连接成功
2018-11-26 23:49:28,939  INFO: FUTU	委托查询成功
2018-11-26 23:50:16,655  INFO: STOPORDER_MAIN_WINDOW	成功添加策略[买SZ.000597+US.AAPL]
2018-11-26 23:50:19,993  INFO: FUTU	摆盘查询成功SZ.000597
2018-11-26 23:50:19,996  INFO: STOP_ORDER_ENGINE	请求SZ.000597摆盘信息
2018-11-26 23:50:19,998  INFO: STOP_ORDER_ENGINE	策略买SZ.000597+US.AAPL发送委托成功，SZ.000597，多，100@11.95
2018-11-26 23:51:01,828  INFO: FUTU	撤单成功:7500630942564280626
2018-11-26 23:52:09,835  INFO: STOPORDER_MAIN_WINDOW	成功添加策略[买SH.603288+US.AAPL]
2018-11-26 23:52:16,467  INFO: FUTU	摆盘查询成功SH.603288
2018-11-26 23:52:16,481  INFO: STOP_ORDER_ENGINE	请求SH.603288摆盘信息
2018-11-26 23:52:16,483  INFO: STOP_ORDER_ENGINE	策略买SH.603288+US.AAPL发送委托成功，SH.603288，多，100@62.07
2018-11-26 23:54:03,944  INFO: FUTU	撤单成功:7500630921089444147
